#
# There is insufficient memory for the Java Runtime Environment to continue.
# Native memory allocation (malloc) failed to allocate 475296 bytes for Chunk::new
# Possible reasons:
#   The system is out of physical RAM or swap space
#   In 32 bit mode, the process size limit was hit
# Possible solutions:
#   Reduce memory load on the system
#   Increase physical memory or swap space
#   Check if swap backing store is full
#   Use 64 bit Java on a 64 bit OS
#   Decrease Java heap size (-Xmx/-Xms)
#   Decrease number of Java threads
#   Decrease Java thread stack sizes (-Xss)
#   Set larger code cache with -XX:ReservedCodeCacheSize=
# This output file may be truncated or incomplete.
#
#  Out of Memory Error (allocation.cpp:390), pid=8100, tid=0x0000000000001128
#
# JRE version: OpenJDK Runtime Environment (8.0) (build 1.8.0-9-microsoft-b00)
# Java VM: OpenJDK 64-Bit Server VM (25.71-b00 mixed mode windows-amd64 compressed oops)
# Failed to write core dump. Minidumps are not enabled by default on client versions of Windows
#

---------------  T H R E A D  ---------------

Current thread (0x00000000571d1800):  JavaThread "C2 CompilerThread1" daemon [_thread_in_native, id=4392, stack(0x00000000576d0000,0x00000000577d0000)]

Stack: [0x00000000576d0000,0x00000000577d0000]
[error occurred during error reporting (printing stack bounds), id 0xc0000005]

Native frames: (J=compiled Java code, j=interpreted, Vv=VM code, C=native code)


Current CompileTask:
C2:   9976 2325 %     4       com.android.dx.ssa.SsaConverter::placePhiFunctions @ 131 (394 bytes)


---------------  P R O C E S S  ---------------

Java Threads: ( => current thread )
  0x0000000057441800 JavaThread "pool-2-thread-1" [_thread_blocked, id=7356, stack(0x0000000057870000,0x0000000057970000)]
  0x0000000057446000 JavaThread "pool-1-thread-1" [_thread_in_Java, id=3764, stack(0x0000000057d10000,0x0000000057e10000)]
  0x00000000571d3800 JavaThread "Service Thread" daemon [_thread_blocked, id=6468, stack(0x0000000057990000,0x0000000057a90000)]
  0x00000000571d2000 JavaThread "C1 CompilerThread2" daemon [_thread_blocked, id=4800, stack(0x0000000007780000,0x0000000007880000)]
=>0x00000000571d1800 JavaThread "C2 CompilerThread1" daemon [_thread_in_native, id=4392, stack(0x00000000576d0000,0x00000000577d0000)]
  0x000000000618f000 JavaThread "C2 CompilerThread0" daemon [_thread_in_native, id=1308, stack(0x0000000057580000,0x0000000057680000)]
  0x000000000618c000 JavaThread "Attach Listener" daemon [_thread_blocked, id=8008, stack(0x00000000075c0000,0x00000000076c0000)]
  0x000000000618a800 JavaThread "Signal Dispatcher" daemon [_thread_blocked, id=4296, stack(0x0000000007070000,0x0000000007170000)]
  0x0000000006171800 JavaThread "Finalizer" daemon [_thread_blocked, id=4300, stack(0x0000000007340000,0x0000000007440000)]
  0x000000000612a000 JavaThread "Reference Handler" daemon [_thread_blocked, id=1756, stack(0x0000000007440000,0x0000000007540000)]
  0x00000000022ff800 JavaThread "main" [_thread_in_Java, id=4292, stack(0x0000000002630000,0x0000000002730000)]

Other Threads:
  0x0000000006122800 VMThread [stack: 0x00000000071a0000,0x00000000072a0000] [id=4268]
  0x000000005722b800 WatcherThread [stack: 0x0000000057bb0000,0x0000000057cb0000] [id=6200]

VM state:not at safepoint (normal execution)

VM Mutex/Monitor currently owned by a thread: None

Heap:
 PSYoungGen      total 217600K, used 150694K [0x00000000eab00000, 0x00000000fdd00000, 0x0000000100000000)
  eden space 176128K, 85% used [0x00000000eab00000,0x00000000f3e29880,0x00000000f5700000)
  from space 41472K, 0% used [0x00000000f8480000,0x00000000f8480000,0x00000000fad00000)
  to   space 46592K, 0% used [0x00000000f5700000,0x00000000f5700000,0x00000000f8480000)
 ParOldGen       total 82432K, used 82366K [0x00000000c0000000, 0x00000000c5080000, 0x00000000eab00000)
  object space 82432K, 99% used [0x00000000c0000000,0x00000000c506f848,0x00000000c5080000)
 Metaspace       used 6619K, capacity 7256K, committed 7424K, reserved 1056768K
  class space    used 611K, capacity 656K, committed 768K, reserved 1048576K

Card table byte_map: [0x0000000002dc0000,0x0000000002fd0000] byte_map_base: 0x00000000027c0000

Marking Bits: (ParMarkBitMap*) 0x00000000080e5aa0
 Begin Bits: [0x0000000003590000, 0x0000000004590000)
 End Bits:   [0x0000000004590000, 0x0000000005590000)

Polling page: 0x0000000000150000

CodeCache: size=245760Kb used=10242Kb max_used=10420Kb free=235517Kb
 bounds [0x0000000008170000, 0x0000000008bd0000, 0x0000000017170000]
 total_blobs=2385 nmethods=2115 adapters=183
 compilation: enabled

Compilation events (10 events):
Event: 9.728 Thread 0x00000000571d1800 nmethod 2339 0x000000000827c850 code [0x000000000827c9a0, 0x000000000827cbd8]
Event: 9.728 Thread 0x00000000571d1800 1569       4       java.util.ArrayList::removeRange (75 bytes)
Event: 9.731 Thread 0x00000000571d1800 nmethod 1569 0x0000000008357650 code [0x00000000083577a0, 0x0000000008357918]
Event: 9.732 Thread 0x00000000571d1800 2334       4       com.android.dx.ssa.InterferenceRegisterMapper::addInterfence (62 bytes)
Event: 9.807 Thread 0x00000000571d1800 nmethod 2334 0x00000000083887d0 code [0x00000000083889a0, 0x0000000008389b58]
Event: 9.808 Thread 0x00000000571d1800 2344 %     4       com.android.dx.ssa.Dominators::run @ 89 (506 bytes)
Event: 9.850 Thread 0x00000000571d1800 nmethod 2344% 0x000000000842ae10 code [0x000000000842b060, 0x000000000842c6b8]
Event: 9.850 Thread 0x00000000571d1800 2350       4       com.android.dx.cf.code.ByteCatchList::toRopCatchList (57 bytes)
Event: 9.855 Thread 0x00000000571d1800 nmethod 2350 0x000000000833f8d0 code [0x000000000833fa40, 0x000000000833fcf8]
Event: 9.855 Thread 0x00000000571d1800 2325 %     4       com.android.dx.ssa.SsaConverter::placePhiFunctions @ 131 (394 bytes)

GC Heap History (10 events):
Event: 5.147 GC heap before
{Heap before GC invocations=12 (full 1):
 PSYoungGen      total 169984K, used 169953K [0x00000000eab00000, 0x00000000f9400000, 0x0000000100000000)
  eden space 144896K, 100% used [0x00000000eab00000,0x00000000f3880000,0x00000000f3880000)
  from space 25088K, 99% used [0x00000000f7b80000,0x00000000f93f86f0,0x00000000f9400000)
  to   space 31744K, 0% used [0x00000000f5600000,0x00000000f5600000,0x00000000f7500000)
 ParOldGen       total 76800K, used 49139K [0x00000000c0000000, 0x00000000c4b00000, 0x00000000eab00000)
  object space 76800K, 63% used [0x00000000c0000000,0x00000000c2ffccc8,0x00000000c4b00000)
 Metaspace       used 6599K, capacity 7256K, committed 7424K, reserved 1056768K
  class space    used 611K, capacity 656K, committed 768K, reserved 1048576K
Event: 5.213 GC heap after
Heap after GC invocations=12 (full 1):
 PSYoungGen      total 206848K, used 31720K [0x00000000eab00000, 0x00000000fad00000, 0x0000000100000000)
  eden space 175104K, 0% used [0x00000000eab00000,0x00000000eab00000,0x00000000f5600000)
  from space 31744K, 99% used [0x00000000f5600000,0x00000000f74fa340,0x00000000f7500000)
  to   space 41472K, 0% used [0x00000000f8480000,0x00000000f8480000,0x00000000fad00000)
 ParOldGen       total 76800K, used 62045K [0x00000000c0000000, 0x00000000c4b00000, 0x00000000eab00000)
  object space 76800K, 80% used [0x00000000c0000000,0x00000000c3c975d8,0x00000000c4b00000)
 Metaspace       used 6599K, capacity 7256K, committed 7424K, reserved 1056768K
  class space    used 611K, capacity 656K, committed 768K, reserved 1048576K
}
Event: 6.003 GC heap before
{Heap before GC invocations=13 (full 1):
 PSYoungGen      total 206848K, used 206824K [0x00000000eab00000, 0x00000000fad00000, 0x0000000100000000)
  eden space 175104K, 100% used [0x00000000eab00000,0x00000000f5600000,0x00000000f5600000)
  from space 31744K, 99% used [0x00000000f5600000,0x00000000f74fa340,0x00000000f7500000)
  to   space 41472K, 0% used [0x00000000f8480000,0x00000000f8480000,0x00000000fad00000)
 ParOldGen       total 76800K, used 62045K [0x00000000c0000000, 0x00000000c4b00000, 0x00000000eab00000)
  object space 76800K, 80% used [0x00000000c0000000,0x00000000c3c975d8,0x00000000c4b00000)
 Metaspace       used 6601K, capacity 7256K, committed 7424K, reserved 1056768K
  class space    used 611K, capacity 656K, committed 768K, reserved 1048576K
Event: 6.087 GC heap after
Heap after GC invocations=13 (full 1):
 PSYoungGen      total 217600K, used 37223K [0x00000000eab00000, 0x00000000fdd00000, 0x0000000100000000)
  eden space 176128K, 0% used [0x00000000eab00000,0x00000000eab00000,0x00000000f5700000)
  from space 41472K, 89% used [0x00000000f8480000,0x00000000fa8d9e10,0x00000000fad00000)
  to   space 46592K, 0% used [0x00000000f5700000,0x00000000f5700000,0x00000000f8480000)
 ParOldGen       total 82432K, used 82369K [0x00000000c0000000, 0x00000000c5080000, 0x00000000eab00000)
  object space 82432K, 99% used [0x00000000c0000000,0x00000000c5070698,0x00000000c5080000)
 Metaspace       used 6601K, capacity 7256K, committed 7424K, reserved 1056768K
  class space    used 611K, capacity 656K, committed 768K, reserved 1048576K
}
Event: 6.087 GC heap before
{Heap before GC invocations=14 (full 2):
 PSYoungGen      total 217600K, used 37223K [0x00000000eab00000, 0x00000000fdd00000, 0x0000000100000000)
  eden space 176128K, 0% used [0x00000000eab00000,0x00000000eab00000,0x00000000f5700000)
  from space 41472K, 89% used [0x00000000f8480000,0x00000000fa8d9e10,0x00000000fad00000)
  to   space 46592K, 0% used [0x00000000f5700000,0x00000000f5700000,0x00000000f8480000)
 ParOldGen       total 82432K, used 82369K [0x00000000c0000000, 0x00000000c5080000, 0x00000000eab00000)
  object space 82432K, 99% used [0x00000000c0000000,0x00000000c5070698,0x00000000c5080000)
 Metaspace       used 6601K, capacity 7256K, committed 7424K, reserved 1056768K
  class space    used 611K, capacity 656K, committed 768K, reserved 1048576K
Event: 6.896 GC heap after
Heap after GC invocations=14 (full 2):
 PSYoungGen      total 217600K, used 34418K [0x00000000eab00000, 0x00000000fdd00000, 0x0000000100000000)
  eden space 176128K, 0% used [0x00000000eab00000,0x00000000eab00000,0x00000000f5700000)
  from space 41472K, 82% used [0x00000000f8480000,0x00000000fa61c928,0x00000000fad00000)
  to   space 46592K, 0% used [0x00000000f5700000,0x00000000f5700000,0x00000000f8480000)
 ParOldGen       total 82432K, used 82162K [0x00000000c0000000, 0x00000000c5080000, 0x00000000eab00000)
  object space 82432K, 99% used [0x00000000c0000000,0x00000000c503c898,0x00000000c5080000)
 Metaspace       used 6601K, capacity 7256K, committed 7424K, reserved 1056768K
  class space    used 611K, capacity 656K, committed 768K, reserved 1048576K
}
Event: 7.617 GC heap before
{Heap before GC invocations=15 (full 3):
 PSYoungGen      total 217600K, used 210546K [0x00000000eab00000, 0x00000000fdd00000, 0x0000000100000000)
  eden space 176128K, 100% used [0x00000000eab00000,0x00000000f5700000,0x00000000f5700000)
  from space 41472K, 82% used [0x00000000f8480000,0x00000000fa61c928,0x00000000fad00000)
  to   space 46592K, 0% used [0x00000000f5700000,0x00000000f5700000,0x00000000f8480000)
 ParOldGen       total 82432K, used 82162K [0x00000000c0000000, 0x00000000c5080000, 0x00000000eab00000)
  object space 82432K, 99% used [0x00000000c0000000,0x00000000c503c898,0x00000000c5080000)
 Metaspace       used 6611K, capacity 7256K, committed 7424K, reserved 1056768K
  class space    used 611K, capacity 656K, committed 768K, reserved 1048576K
Event: 8.309 GC heap after
Heap after GC invocations=15 (full 3):
 PSYoungGen      total 217600K, used 58968K [0x00000000eab00000, 0x00000000fdd00000, 0x0000000100000000)
  eden space 176128K, 33% used [0x00000000eab00000,0x00000000ee4962c8,0x00000000f5700000)
  from space 41472K, 0% used [0x00000000f8480000,0x00000000f8480000,0x00000000fad00000)
  to   space 46592K, 0% used [0x00000000f5700000,0x00000000f5700000,0x00000000f8480000)
 ParOldGen       total 82432K, used 82367K [0x00000000c0000000, 0x00000000c5080000, 0x00000000eab00000)
  object space 82432K, 99% used [0x00000000c0000000,0x00000000c506feb8,0x00000000c5080000)
 Metaspace       used 6611K, capacity 7256K, committed 7424K, reserved 1056768K
  class space    used 611K, capacity 656K, committed 768K, reserved 1048576K
}
Event: 8.779 GC heap before
{Heap before GC invocations=16 (full 4):
 PSYoungGen      total 217600K, used 176128K [0x00000000eab00000, 0x00000000fdd00000, 0x0000000100000000)
  eden space 176128K, 100% used [0x00000000eab00000,0x00000000f5700000,0x00000000f5700000)
  from space 41472K, 0% used [0x00000000f8480000,0x00000000f8480000,0x00000000fad00000)
  to   space 46592K, 0% used [0x00000000f5700000,0x00000000f5700000,0x00000000f8480000)
 ParOldGen       total 82432K, used 82367K [0x00000000c0000000, 0x00000000c5080000, 0x00000000eab00000)
  object space 82432K, 99% used [0x00000000c0000000,0x00000000c506feb8,0x00000000c5080000)
 Metaspace       used 6616K, capacity 7256K, committed 7424K, reserved 1056768K
  class space    used 611K, capacity 656K, committed 768K, reserved 1048576K
Event: 9.529 GC heap after
Heap after GC invocations=16 (full 4):
 PSYoungGen      total 217600K, used 75804K [0x00000000eab00000, 0x00000000fdd00000, 0x0000000100000000)
  eden space 176128K, 43% used [0x00000000eab00000,0x00000000ef507210,0x00000000f5700000)
  from space 41472K, 0% used [0x00000000f8480000,0x00000000f8480000,0x00000000fad00000)
  to   space 46592K, 0% used [0x00000000f5700000,0x00000000f5700000,0x00000000f8480000)
 ParOldGen       total 82432K, used 82366K [0x00000000c0000000, 0x00000000c5080000, 0x00000000eab00000)
  object space 82432K, 99% used [0x00000000c0000000,0x00000000c506f848,0x00000000c5080000)
 Metaspace       used 6616K, capacity 7256K, committed 7424K, reserved 1056768K
  class space    used 611K, capacity 656K, committed 768K, reserved 1048576K
}

Deoptimization events (10 events):
Event: 3.002 Thread 0x00000000022ff800 Uncommon trap: reason=class_check action=maybe_recompile pc=0x00000000089155e0 method=com.android.dx.ssa.SCCP.simulatePhi(Lcom/android/dx/ssa/PhiInsn;)V @ 124
Event: 3.129 Thread 0x0000000057446000 Uncommon trap: reason=unstable_if action=reinterpret pc=0x000000000893e848 method=java.util.HashMap.getNode(ILjava/lang/Object;)Ljava/util/HashMap$Node; @ 84
Event: 4.024 Thread 0x0000000057446000 Uncommon trap: reason=unstable_if action=reinterpret pc=0x00000000086699f0 method=com.android.dx.ssa.MoveParamCombiner$1.visitNonMoveInsn(Lcom/android/dx/ssa/NormalSsaInsn;)V @ 27
Event: 4.163 Thread 0x0000000057446000 Uncommon trap: reason=unstable_if action=reinterpret pc=0x0000000008a24cf8 method=com.android.dx.ssa.LiteralOpUpgrader.tryReplacingWithConstant(Lcom/android/dx/ssa/NormalSsaInsn;)Z @ 30
Event: 4.294 Thread 0x00000000022ff800 Uncommon trap: reason=unstable_if action=reinterpret pc=0x0000000008a2e4e4 method=com.android.dx.ssa.SCCP.simulateStmt(Lcom/android/dx/ssa/SsaInsn;)V @ 469
Event: 4.322 Thread 0x00000000022ff800 Uncommon trap: reason=unstable_if action=reinterpret pc=0x0000000008a3be7c method=com.android.dx.ssa.back.FirstFitLocalCombiningAllocator$1.processInsn(Lcom/android/dx/ssa/SsaInsn;)V @ 6
Event: 4.508 Thread 0x0000000057446000 Uncommon trap: reason=unstable_if action=reinterpret pc=0x000000000849daa0 method=com.android.dx.ssa.SsaMethod.getExitBlock()Lcom/android/dx/ssa/SsaBasicBlock; @ 4
Event: 4.508 Thread 0x0000000057446000 Uncommon trap: reason=unstable_if action=reinterpret pc=0x00000000084109a4 method=com.android.dx.ssa.SsaMethod.getExitBlock()Lcom/android/dx/ssa/SsaBasicBlock; @ 4
Event: 4.917 Thread 0x00000000022ff800 Uncommon trap: reason=unstable_if action=reinterpret pc=0x0000000008a77954 method=com.android.dx.rop.code.RegisterSpec.equals(ILcom/android/dx/rop/type/TypeBearer;Lcom/android/dx/rop/code/LocalItem;)Z @ 42
Event: 7.091 Thread 0x00000000022ff800 Uncommon trap: reason=unstable_if action=reinterpret pc=0x0000000008b4f9f8 method=com.android.dx.ssa.NormalSsaInsn.getLocalAssignment()Lcom/android/dx/rop/code/RegisterSpec; @ 12

Classes redefined (0 events):
No events

Internal exceptions (6 events):
Event: 0.026 Thread 0x00000000022ff800 Exception <a 'java/lang/NoSuchMethodError': Method sun.misc.Unsafe.defineClass(Ljava/lang/String;[BII)Ljava/lang/Class; name or signature does not match> (0x00000000eab07ca8) thrown at [D:\j\workspace\openjdk-win64\jdk8u\hotspot\src\share\vm\prims\jni.cpp
Event: 0.026 Thread 0x00000000022ff800 Exception <a 'java/lang/NoSuchMethodError': Method sun.misc.Unsafe.prefetchRead(Ljava/lang/Object;J)V name or signature does not match> (0x00000000eab07f90) thrown at [D:\j\workspace\openjdk-win64\jdk8u\hotspot\src\share\vm\prims\jni.cpp, line 4011]
Event: 2.432 Thread 0x00000000022ff800 Implicit null exception at 0x0000000008402592 to 0x000000000840268a
Event: 3.043 Thread 0x0000000057446000 Exception <a 'java/lang/ArrayIndexOutOfBoundsException': 18> (0x00000000ef938150) thrown at [D:\j\workspace\openjdk-win64\jdk8u\hotspot\src\share\vm\interpreter\interpreterRuntime.cpp, line 366]
Event: 3.043 Thread 0x0000000057446000 Exception <a 'java/lang/ArrayIndexOutOfBoundsException': 145> (0x00000000ef939cd0) thrown at [D:\j\workspace\openjdk-win64\jdk8u\hotspot\src\share\vm\interpreter\interpreterRuntime.cpp, line 366]
Event: 3.044 Thread 0x0000000057446000 Exception <a 'java/lang/ArrayIndexOutOfBoundsException'> (0x00000000ef93afb8) thrown at [D:\j\workspace\openjdk-win64\jdk8u\hotspot\src\share\vm\runtime\sharedRuntime.cpp, line 605]

Events (10 events):
Event: 9.621 Thread 0x00000000022ff800 DEOPT UNPACKING pc=0x00000000081b75d0 sp=0x000000000272e168 mode 0
Event: 9.622 Thread 0x00000000022ff800 DEOPT PACKING pc=0x0000000008577319 sp=0x000000000272e3e0
Event: 9.622 Thread 0x00000000022ff800 DEOPT UNPACKING pc=0x00000000081b75d0 sp=0x000000000272e210 mode 0
Event: 9.654 Thread 0x00000000571d2000 flushing nmethod 0x00000000084ec2d0
Event: 9.654 Thread 0x00000000571d2000 flushing nmethod 0x00000000084f95d0
Event: 9.654 Thread 0x00000000571d2000 flushing nmethod 0x00000000084fa410
Event: 9.662 Thread 0x0000000057446000 DEOPT PACKING pc=0x0000000008577319 sp=0x0000000057e0ea40
Event: 9.662 Thread 0x0000000057446000 DEOPT UNPACKING pc=0x00000000081b75d0 sp=0x0000000057e0e870 mode 0
Event: 9.942 Thread 0x0000000057446000 DEOPT PACKING pc=0x0000000008b4cf6f sp=0x0000000057e0eb20
Event: 9.942 Thread 0x0000000057446000 DEOPT UNPACKING pc=0x00000000081b75d0 sp=0x0000000057e0e8e0 mode 0


Dynamic libraries:
0x000000013f420000 - 0x000000013f455000 	C:\Program Files\Android\jdk\microsoft_dist_openjdk_1.8.0.9\bin\java.exe
0x0000000077300000 - 0x00000000774a9000 	C:\Windows\SYSTEM32\ntdll.dll
0x00000000770e0000 - 0x00000000771ff000 	C:\Windows\system32\kernel32.dll
0x000007fefd400000 - 0x000007fefd46b000 	C:\Windows\system32\KERNELBASE.dll
0x0000000074dd0000 - 0x0000000074e5e000 	C:\Windows\System32\SYSFER.DLL
0x000007feff2f0000 - 0x000007feff3cb000 	C:\Windows\system32\ADVAPI32.dll
0x000007fefe0f0000 - 0x000007fefe18f000 	C:\Windows\system32\msvcrt.dll
0x000007fefd830000 - 0x000007fefd84f000 	C:\Windows\SYSTEM32\sechost.dll
0x000007fefd850000 - 0x000007fefd97d000 	C:\Windows\system32\RPCRT4.dll
0x0000000077200000 - 0x00000000772fa000 	C:\Windows\system32\USER32.dll
0x000007fefd510000 - 0x000007fefd577000 	C:\Windows\system32\GDI32.dll
0x000007fefd690000 - 0x000007fefd69e000 	C:\Windows\system32\LPK.dll
0x000007fefd9b0000 - 0x000007fefda79000 	C:\Windows\system32\USP10.dll
0x000007fefbad0000 - 0x000007fefbcc4000 	C:\Windows\WinSxS\amd64_microsoft.windows.common-controls_6595b64144ccf1df_6.0.7601.17514_none_fa396087175ac9ac\COMCTL32.dll
0x000007fefda80000 - 0x000007fefdaf1000 	C:\Windows\system32\SHLWAPI.dll
0x000007fefd980000 - 0x000007fefd9ae000 	C:\Windows\system32\IMM32.DLL
0x000007fefdfe0000 - 0x000007fefe0e9000 	C:\Windows\system32\MSCTF.dll
0x00000000792b0000 - 0x0000000079381000 	C:\Program Files\Android\jdk\microsoft_dist_openjdk_1.8.0.9\jre\bin\msvcr100.dll
0x0000000007920000 - 0x0000000008161000 	C:\Program Files\Android\jdk\microsoft_dist_openjdk_1.8.0.9\jre\bin\server\jvm.dll
0x000007fef9bd0000 - 0x000007fef9bd9000 	C:\Windows\system32\WSOCK32.dll
0x000007fefd580000 - 0x000007fefd5cd000 	C:\Windows\system32\WS2_32.dll
0x000007fefe270000 - 0x000007fefe278000 	C:\Windows\system32\NSI.dll
0x000007fefae10000 - 0x000007fefae4b000 	C:\Windows\system32\WINMM.dll
0x000007fefc190000 - 0x000007fefc19c000 	C:\Windows\system32\VERSION.dll
0x00000000774d0000 - 0x00000000774d7000 	C:\Windows\system32\PSAPI.DLL
0x000007fef29d0000 - 0x000007fef29df000 	C:\Program Files\Android\jdk\microsoft_dist_openjdk_1.8.0.9\jre\bin\verify.dll
0x000007fef29a0000 - 0x000007fef29c9000 	C:\Program Files\Android\jdk\microsoft_dist_openjdk_1.8.0.9\jre\bin\java.dll
0x000007fef2980000 - 0x000007fef2996000 	C:\Program Files\Android\jdk\microsoft_dist_openjdk_1.8.0.9\jre\bin\zip.dll
0x000007fefe280000 - 0x000007feff008000 	C:\Windows\system32\SHELL32.dll
0x000007fefddd0000 - 0x000007fefdfd3000 	C:\Windows\system32\ole32.dll
0x000007fefd0c0000 - 0x000007fefd0cf000 	C:\Windows\system32\profapi.dll

VM Arguments:
jvm_args: -Xmx1G 
java_command: C:\Program Files (x86)\Android\android-sdk\build-tools\25.0.3\\lib\dx.jar --dex --no-strict --output obj\Debug\81\android\bin D:\ASP.NET\Hangman_xamarian\Hangman_xamarian\obj\Debug\81\android\bin\classes.zip C:\Program Files (x86)\Microsoft Visual Studio\2017\Enterprise\Common7\IDE\ReferenceAssemblies\Microsoft\Framework\MonoAndroid\v8.1\mono.android.jar obj\Debug\81\lp\10\jl\arch-core-common.jar obj\Debug\81\lp\11\jl\arch-lifecycle-common.jar obj\Debug\81\lp\12\jl\bin\classes.jar obj\Debug\81\lp\13\jl\bin\classes.jar obj\Debug\81\lp\15\jl\bin\classes.jar obj\Debug\81\lp\16\jl\bin\classes.jar obj\Debug\81\lp\17\jl\bin\classes.jar obj\Debug\81\lp\18\jl\bin\classes.jar obj\Debug\81\lp\19\jl\bin\classes.jar obj\Debug\81\lp\20\jl\bin\classes.jar obj\Debug\81\lp\21\jl\bin\classes.jar obj\Debug\81\lp\22\jl\bin\classes.jar obj\Debug\81\lp\23\jl\bin\classes.jar obj\Debug\81\lp\24\jl\bin\classes.jar
java_class_path (initial): C:\Program Files (x86)\Android\android-sdk\build-tools\25.0.3\\lib\dx.jar
Launcher Type: SUN_STANDARD

Environment Variables:
CLASSPATH=.;C:\Program Files\Java\jdk1.8.0_141/bin
PATH=C:\Program Files\Android\jdk\microsoft_dist_openjdk_1.8.0.9\bin;D:\app\mohan.roy\product\11.2.0\client_1\bin;C:\ProgramData\Oracle\Java\javapath;C:\Windows\system32;C:\Windows;C:\Windows\System32\Wbem;C:\Windows\System32\WindowsPowerShell\v1.0\;D:\tools\TDM-GCC-64\bin;D:\tools\instantclient_12_1;C:\Program Files\TortoiseSVN\bin;C:\Program Files (x86)\Microsoft ASP.NET\ASP.NET Web Pages\v1.0\;C:\Program Files\Microsoft SQL Server\110\Tools\Binn\;C:\Program Files (x86)\Microsoft SQL Server\100\Tools\Binn\;C:\Program Files\Microsoft SQL Server\100\Tools\Binn\;C:\Program Files\Microsoft SQL Server\100\DTS\Binn\;C:\Program Files (x86)\Microsoft SQL Server\100\Tools\Binn\VSShell\Common7\IDE\;C:\Program Files (x86)\Microsoft Visual Studio 9.0\Common7\IDE\PrivateAssemblies\;C:\Program Files (x86)\Microsoft SQL Server\100\DTS\Binn\;D:\nodejs\;C:\Program Files\Microsoft SQL Server\130\Tools\Binn\;C:\Program Files\dotnet\;C:\Users\mohan.roy\AppData\Roaming\npm;C:\Program Files\Java\jdk1.8.0_141/bin;C:\Users\mohan.roy\AppData\Local\GitHubDesktop\bin
USERNAME=mohan.roy
OS=Windows_NT
PROCESSOR_IDENTIFIER=Intel64 Family 6 Model 60 Stepping 3, GenuineIntel



---------------  S Y S T E M  ---------------

OS: Windows 7 , 64 bit Build 7601 (6.1.7601.18015)

CPU:total 4 (initial active 4) (2 cores per cpu, 2 threads per core) family 6 model 60 stepping 3, cmov, cx8, fxsr, mmx, sse, sse2, sse3, ssse3, sse4.1, sse4.2, popcnt, avx, avx2, clmul, erms, lzcnt, ht, tsc, tscinvbit, bmi1, bmi2

Memory: 4k page, physical 3894860k(281172k free), swap 3892996k(5108k free)

vm_info: OpenJDK 64-Bit Server VM (25.71-b00) for windows-amd64 JRE (1.8.0-9-microsoft-b00), built on Jul 24 2018 20:49:06 by "azure-builder" with MS VC++ 10.0 (VS2010)

time: Wed May 01 16:09:38 2019
elapsed time: 9 seconds (0d 0h 0m 9s)

