#
# There is insufficient memory for the Java Runtime Environment to continue.
# Native memory allocation (malloc) failed to allocate 1115696 bytes for Chunk::new
# Possible reasons:
#   The system is out of physical RAM or swap space
#   In 32 bit mode, the process size limit was hit
# Possible solutions:
#   Reduce memory load on the system
#   Increase physical memory or swap space
#   Check if swap backing store is full
#   Use 64 bit Java on a 64 bit OS
#   Decrease Java heap size (-Xmx/-Xms)
#   Decrease number of Java threads
#   Decrease Java thread stack sizes (-Xss)
#   Set larger code cache with -XX:ReservedCodeCacheSize=
# This output file may be truncated or incomplete.
#
#  Out of Memory Error (allocation.cpp:390), pid=7084, tid=0x00000000000000b8
#
# JRE version: OpenJDK Runtime Environment (8.0) (build 1.8.0-9-microsoft-b00)
# Java VM: OpenJDK 64-Bit Server VM (25.71-b00 mixed mode windows-amd64 compressed oops)
# Failed to write core dump. Minidumps are not enabled by default on client versions of Windows
#

---------------  T H R E A D  ---------------

Current thread (0x0000000056cbd800):  JavaThread "C2 CompilerThread1" daemon [_thread_in_native, id=184, stack(0x00000000576e0000,0x00000000577e0000)]

Stack: [0x00000000576e0000,0x00000000577e0000]
[error occurred during error reporting (printing stack bounds), id 0xc0000005]

Native frames: (J=compiled Java code, j=interpreted, Vv=VM code, C=native code)


Current CompileTask:
C2:   5512  611   !   4       com.sun.tools.javac.parser.JavaTokenizer::readToken (2243 bytes)


---------------  P R O C E S S  ---------------

Java Threads: ( => current thread )
  0x0000000056d2c000 JavaThread "Service Thread" daemon [_thread_blocked, id=464, stack(0x0000000057a60000,0x0000000057b60000)]
  0x0000000056cc8000 JavaThread "C1 CompilerThread2" daemon [_thread_blocked, id=2816, stack(0x0000000057880000,0x0000000057980000)]
=>0x0000000056cbd800 JavaThread "C2 CompilerThread1" daemon [_thread_in_native, id=184, stack(0x00000000576e0000,0x00000000577e0000)]
  0x0000000056cb2800 JavaThread "C2 CompilerThread0" daemon [_thread_blocked, id=2912, stack(0x00000000574a0000,0x00000000575a0000)]
  0x0000000056cb0800 JavaThread "Attach Listener" daemon [_thread_blocked, id=2192, stack(0x0000000057370000,0x0000000057470000)]
  0x0000000006098000 JavaThread "Signal Dispatcher" daemon [_thread_blocked, id=4604, stack(0x00000000571c0000,0x00000000572c0000)]
  0x000000000607e000 JavaThread "Finalizer" daemon [_thread_blocked, id=1228, stack(0x0000000007010000,0x0000000007110000)]
  0x0000000006037000 JavaThread "Reference Handler" daemon [_thread_blocked, id=6216, stack(0x0000000056bb0000,0x0000000056cb0000)]
  0x0000000001f39000 JavaThread "main" [_thread_in_native, id=1968, stack(0x00000000024f0000,0x00000000025f0000)]

Other Threads:
  0x000000000602f000 VMThread [stack: 0x0000000056a60000,0x0000000056b60000] [id=6544]
  0x0000000056d84000 WatcherThread [stack: 0x00000000570c0000,0x00000000571c0000] [id=2376]

VM state:not at safepoint (normal execution)

VM Mutex/Monitor currently owned by a thread: None

Heap:
 PSYoungGen      total 19456K, used 5790K [0x00000000ec300000, 0x00000000ee100000, 0x0000000100000000)
  eden space 15872K, 36% used [0x00000000ec300000,0x00000000ec8a7968,0x00000000ed280000)
  from space 3584K, 0% used [0x00000000ed800000,0x00000000ed800000,0x00000000edb80000)
  to   space 5632K, 0% used [0x00000000ed280000,0x00000000ed280000,0x00000000ed800000)
 ParOldGen       total 23040K, used 14052K [0x00000000c4800000, 0x00000000c5e80000, 0x00000000ec300000)
  object space 23040K, 60% used [0x00000000c4800000,0x00000000c55b90c0,0x00000000c5e80000)
 Metaspace       used 7319K, capacity 8244K, committed 8320K, reserved 1056768K
  class space    used 860K, capacity 880K, committed 896K, reserved 1048576K

Card table byte_map: [0x0000000002c80000,0x0000000002e60000] byte_map_base: 0x000000000265c000

Marking Bits: (ParMarkBitMap*) 0x00000000078d5aa0
 Begin Bits: [0x0000000003700000, 0x00000000045e0000)
 End Bits:   [0x00000000045e0000, 0x00000000054c0000)

Polling page: 0x0000000000150000

CodeCache: size=245760Kb used=3596Kb max_used=3608Kb free=242163Kb
 bounds [0x0000000007960000, 0x0000000007cf0000, 0x0000000016960000]
 total_blobs=905 nmethods=622 adapters=197
 compilation: enabled

Compilation events (10 events):
Event: 5.482 Thread 0x0000000056cc8000  619       3       com.sun.tools.javac.parser.JavacParser::arguments (37 bytes)
Event: 5.483 Thread 0x0000000056cc8000 nmethod 619 0x0000000007cc2f10 code [0x0000000007cc30e0, 0x0000000007cc38b8]
Event: 5.483 Thread 0x0000000056cc8000  620       3       com.sun.tools.javac.tree.TreeMaker::Apply (24 bytes)
Event: 5.483 Thread 0x0000000056cc8000 nmethod 620 0x0000000007cc2650 code [0x0000000007cc27e0, 0x0000000007cc2c70]
Event: 5.485 Thread 0x0000000056cb2800  621       4       com.sun.tools.javac.parser.JavacParser::ident (313 bytes)
Event: 5.492 Thread 0x0000000056cc8000  622       3       com.sun.tools.javac.tree.TreeInfo::isExpressionStatement (120 bytes)
Event: 5.492 Thread 0x0000000056cc8000 nmethod 622 0x0000000007ce52d0 code [0x0000000007ce5440, 0x0000000007ce5728]
Event: 5.493 Thread 0x0000000056cb2800 nmethod 621 0x0000000007cb2f90 code [0x0000000007cb3120, 0x0000000007cb3528]
Event: 5.493 Thread 0x0000000056cb2800  623       4       com.sun.tools.javac.util.List::iterator (20 bytes)
Event: 5.494 Thread 0x0000000056cb2800 nmethod 623 0x0000000007cbd250 code [0x0000000007cbd3a0, 0x0000000007cbd478]

GC Heap History (10 events):
Event: 4.500 GC heap before
{Heap before GC invocations=13 (full 2):
 PSYoungGen      total 11264K, used 995K [0x00000000ec300000, 0x00000000ed880000, 0x0000000100000000)
  eden space 10240K, 0% used [0x00000000ec300000,0x00000000ec300000,0x00000000ecd00000)
  from space 1024K, 97% used [0x00000000ecd00000,0x00000000ecdf8f18,0x00000000ece00000)
  to   space 3072K, 0% used [0x00000000ed580000,0x00000000ed580000,0x00000000ed880000)
 ParOldGen       total 10752K, used 10623K [0x00000000c4800000, 0x00000000c5280000, 0x00000000ec300000)
  object space 10752K, 98% used [0x00000000c4800000,0x00000000c525fea0,0x00000000c5280000)
 Metaspace       used 7294K, capacity 8180K, committed 8320K, reserved 1056768K
  class space    used 860K, capacity 880K, committed 896K, reserved 1048576K
Event: 4.532 GC heap after
Heap after GC invocations=13 (full 2):
 PSYoungGen      total 11264K, used 0K [0x00000000ec300000, 0x00000000ed880000, 0x0000000100000000)
  eden space 10240K, 0% used [0x00000000ec300000,0x00000000ec300000,0x00000000ecd00000)
  from space 1024K, 0% used [0x00000000ecd00000,0x00000000ecd00000,0x00000000ece00000)
  to   space 3072K, 0% used [0x00000000ed580000,0x00000000ed580000,0x00000000ed880000)
 ParOldGen       total 15360K, used 8443K [0x00000000c4800000, 0x00000000c5700000, 0x00000000ec300000)
  object space 15360K, 54% used [0x00000000c4800000,0x00000000c503eef0,0x00000000c5700000)
 Metaspace       used 7294K, capacity 8180K, committed 8320K, reserved 1056768K
  class space    used 860K, capacity 880K, committed 896K, reserved 1048576K
}
Event: 4.631 GC heap before
{Heap before GC invocations=14 (full 2):
 PSYoungGen      total 11264K, used 8969K [0x00000000ec300000, 0x00000000ed880000, 0x0000000100000000)
  eden space 10240K, 87% used [0x00000000ec300000,0x00000000ecbc24f0,0x00000000ecd00000)
  from space 1024K, 0% used [0x00000000ecd00000,0x00000000ecd00000,0x00000000ece00000)
  to   space 3072K, 0% used [0x00000000ed580000,0x00000000ed580000,0x00000000ed880000)
 ParOldGen       total 15360K, used 8443K [0x00000000c4800000, 0x00000000c5700000, 0x00000000ec300000)
  object space 15360K, 54% used [0x00000000c4800000,0x00000000c503eef0,0x00000000c5700000)
 Metaspace       used 7294K, capacity 8180K, committed 8320K, reserved 1056768K
  class space    used 860K, capacity 880K, committed 896K, reserved 1048576K
Event: 4.659 GC heap after
Heap after GC invocations=14 (full 2):
 PSYoungGen      total 16896K, used 3016K [0x00000000ec300000, 0x00000000ed880000, 0x0000000100000000)
  eden space 13824K, 0% used [0x00000000ec300000,0x00000000ec300000,0x00000000ed080000)
  from space 3072K, 98% used [0x00000000ed580000,0x00000000ed872330,0x00000000ed880000)
  to   space 3584K, 0% used [0x00000000ed180000,0x00000000ed180000,0x00000000ed500000)
 ParOldGen       total 15360K, used 8443K [0x00000000c4800000, 0x00000000c5700000, 0x00000000ec300000)
  object space 15360K, 54% used [0x00000000c4800000,0x00000000c503eef0,0x00000000c5700000)
 Metaspace       used 7294K, capacity 8180K, committed 8320K, reserved 1056768K
  class space    used 860K, capacity 880K, committed 896K, reserved 1048576K
}
Event: 4.936 GC heap before
{Heap before GC invocations=15 (full 2):
 PSYoungGen      total 16896K, used 15993K [0x00000000ec300000, 0x00000000ed880000, 0x0000000100000000)
  eden space 13824K, 93% used [0x00000000ec300000,0x00000000ecfac1d0,0x00000000ed080000)
  from space 3072K, 98% used [0x00000000ed580000,0x00000000ed872330,0x00000000ed880000)
  to   space 3584K, 0% used [0x00000000ed180000,0x00000000ed180000,0x00000000ed500000)
 ParOldGen       total 15360K, used 8443K [0x00000000c4800000, 0x00000000c5700000, 0x00000000ec300000)
  object space 15360K, 54% used [0x00000000c4800000,0x00000000c503eef0,0x00000000c5700000)
 Metaspace       used 7294K, capacity 8180K, committed 8320K, reserved 1056768K
  class space    used 860K, capacity 880K, committed 896K, reserved 1048576K
Event: 4.939 GC heap after
Heap after GC invocations=15 (full 2):
 PSYoungGen      total 18432K, used 2470K [0x00000000ec300000, 0x00000000edb80000, 0x0000000100000000)
  eden space 14848K, 0% used [0x00000000ec300000,0x00000000ec300000,0x00000000ed180000)
  from space 3584K, 68% used [0x00000000ed180000,0x00000000ed3e9a90,0x00000000ed500000)
  to   space 3584K, 0% used [0x00000000ed800000,0x00000000ed800000,0x00000000edb80000)
 ParOldGen       total 15360K, used 10141K [0x00000000c4800000, 0x00000000c5700000, 0x00000000ec300000)
  object space 15360K, 66% used [0x00000000c4800000,0x00000000c51e7728,0x00000000c5700000)
 Metaspace       used 7294K, capacity 8180K, committed 8320K, reserved 1056768K
  class space    used 860K, capacity 880K, committed 896K, reserved 1048576K
}
Event: 5.022 GC heap before
{Heap before GC invocations=16 (full 2):
 PSYoungGen      total 18432K, used 17102K [0x00000000ec300000, 0x00000000edb80000, 0x0000000100000000)
  eden space 14848K, 98% used [0x00000000ec300000,0x00000000ed149fc8,0x00000000ed180000)
  from space 3584K, 68% used [0x00000000ed180000,0x00000000ed3e9a90,0x00000000ed500000)
  to   space 3584K, 0% used [0x00000000ed800000,0x00000000ed800000,0x00000000edb80000)
 ParOldGen       total 15360K, used 10141K [0x00000000c4800000, 0x00000000c5700000, 0x00000000ec300000)
  object space 15360K, 66% used [0x00000000c4800000,0x00000000c51e7728,0x00000000c5700000)
 Metaspace       used 7297K, capacity 8180K, committed 8320K, reserved 1056768K
  class space    used 860K, capacity 880K, committed 896K, reserved 1048576K
Event: 5.026 GC heap after
Heap after GC invocations=16 (full 2):
 PSYoungGen      total 19456K, used 3553K [0x00000000ec300000, 0x00000000ee100000, 0x0000000100000000)
  eden space 15872K, 0% used [0x00000000ec300000,0x00000000ec300000,0x00000000ed280000)
  from space 3584K, 99% used [0x00000000ed800000,0x00000000edb78658,0x00000000edb80000)
  to   space 5632K, 0% used [0x00000000ed280000,0x00000000ed280000,0x00000000ed800000)
 ParOldGen       total 15360K, used 13729K [0x00000000c4800000, 0x00000000c5700000, 0x00000000ec300000)
  object space 15360K, 89% used [0x00000000c4800000,0x00000000c5568550,0x00000000c5700000)
 Metaspace       used 7297K, capacity 8180K, committed 8320K, reserved 1056768K
  class space    used 860K, capacity 880K, committed 896K, reserved 1048576K
}
Event: 5.026 GC heap before
{Heap before GC invocations=17 (full 3):
 PSYoungGen      total 19456K, used 3553K [0x00000000ec300000, 0x00000000ee100000, 0x0000000100000000)
  eden space 15872K, 0% used [0x00000000ec300000,0x00000000ec300000,0x00000000ed280000)
  from space 3584K, 99% used [0x00000000ed800000,0x00000000edb78658,0x00000000edb80000)
  to   space 5632K, 0% used [0x00000000ed280000,0x00000000ed280000,0x00000000ed800000)
 ParOldGen       total 15360K, used 13729K [0x00000000c4800000, 0x00000000c5700000, 0x00000000ec300000)
  object space 15360K, 89% used [0x00000000c4800000,0x00000000c5568550,0x00000000c5700000)
 Metaspace       used 7297K, capacity 8180K, committed 8320K, reserved 1056768K
  class space    used 860K, capacity 880K, committed 896K, reserved 1048576K
Event: 5.056 GC heap after
Heap after GC invocations=17 (full 3):
 PSYoungGen      total 19456K, used 0K [0x00000000ec300000, 0x00000000ee100000, 0x0000000100000000)
  eden space 15872K, 0% used [0x00000000ec300000,0x00000000ec300000,0x00000000ed280000)
  from space 3584K, 0% used [0x00000000ed800000,0x00000000ed800000,0x00000000edb80000)
  to   space 5632K, 0% used [0x00000000ed280000,0x00000000ed280000,0x00000000ed800000)
 ParOldGen       total 23040K, used 14052K [0x00000000c4800000, 0x00000000c5e80000, 0x00000000ec300000)
  object space 23040K, 60% used [0x00000000c4800000,0x00000000c55b90c0,0x00000000c5e80000)
 Metaspace       used 7297K, capacity 8180K, committed 8320K, reserved 1056768K
  class space    used 860K, capacity 880K, committed 896K, reserved 1048576K
}

Deoptimization events (10 events):
Event: 5.135 Thread 0x0000000001f39000 Uncommon trap: reason=class_check action=maybe_recompile pc=0x0000000007c03ef8 method=com.sun.tools.javac.parser.Scanner.token(I)Lcom/sun/tools/javac/parser/Tokens$Token; @ 26
Event: 5.135 Thread 0x0000000001f39000 Uncommon trap: reason=class_check action=maybe_recompile pc=0x0000000007c32498 method=com.sun.tools.javac.parser.Scanner.nextToken()V @ 31
Event: 5.135 Thread 0x0000000001f39000 Uncommon trap: reason=unstable_if action=reinterpret pc=0x0000000007be21fc method=java.util.ArrayList.isEmpty()Z @ 4
Event: 5.135 Thread 0x0000000001f39000 Uncommon trap: reason=class_check action=maybe_recompile pc=0x0000000007c2d0ac method=com.sun.tools.javac.parser.Scanner.nextToken()V @ 31
Event: 5.139 Thread 0x0000000001f39000 Uncommon trap: reason=unstable_if action=reinterpret pc=0x0000000007c4b8a4 method=com.sun.tools.javac.parser.JavaTokenizer.readToken()Lcom/sun/tools/javac/parser/Tokens$Token; @ 1248
Event: 5.165 Thread 0x0000000001f39000 Uncommon trap: reason=unstable_if action=reinterpret pc=0x0000000007c43550 method=com.sun.tools.javac.parser.JavacParser.modifiersOpt(Lcom/sun/tools/javac/tree/JCTree$JCModifiers;)Lcom/sun/tools/javac/tree/JCTree$JCModifiers; @ 365
Event: 5.166 Thread 0x0000000001f39000 Uncommon trap: reason=unstable_if action=reinterpret pc=0x0000000007c0498c method=com.sun.tools.javac.parser.JavacParser.term1()Lcom/sun/tools/javac/tree/JCTree$JCExpression; @ 24
Event: 5.167 Thread 0x0000000001f39000 Uncommon trap: reason=unstable_if action=reinterpret pc=0x0000000007c2fa88 method=com.sun.tools.javac.util.Position$LineMapImpl.build([CI)V @ 42
Event: 5.167 Thread 0x0000000001f39000 Uncommon trap: reason=unstable_if action=reinterpret pc=0x0000000007c05334 method=com.sun.tools.javac.util.Position$LineMapImpl.build([CI)V @ 42
Event: 5.168 Thread 0x0000000001f39000 Uncommon trap: reason=unstable_if action=reinterpret pc=0x0000000007c561a8 method=com.sun.tools.javac.util.Name.isEmpty()Z @ 4

Classes redefined (0 events):
No events

Internal exceptions (10 events):
Event: 0.050 Thread 0x0000000001f39000 Exception <a 'java/lang/NoSuchMethodError': Method sun.misc.Unsafe.defineClass(Ljava/lang/String;[BII)Ljava/lang/Class; name or signature does not match> (0x00000000ec307cd8) thrown at [D:\j\workspace\openjdk-win64\jdk8u\hotspot\src\share\vm\prims\jni.cpp
Event: 0.050 Thread 0x0000000001f39000 Exception <a 'java/lang/NoSuchMethodError': Method sun.misc.Unsafe.prefetchRead(Ljava/lang/Object;J)V name or signature does not match> (0x00000000ec307fc0) thrown at [D:\j\workspace\openjdk-win64\jdk8u\hotspot\src\share\vm\prims\jni.cpp, line 4011]
Event: 0.346 Thread 0x0000000001f39000 Exception <a 'java/security/PrivilegedActionException'> (0x00000000ec301030) thrown at [D:\j\workspace\openjdk-win64\jdk8u\hotspot\src\share\vm\prims\jvm.cpp, line 1390]
Event: 0.346 Thread 0x0000000001f39000 Exception <a 'java/security/PrivilegedActionException'> (0x00000000ec301428) thrown at [D:\j\workspace\openjdk-win64\jdk8u\hotspot\src\share\vm\prims\jvm.cpp, line 1390]
Event: 0.347 Thread 0x0000000001f39000 Exception <a 'java/security/PrivilegedActionException'> (0x00000000ec305820) thrown at [D:\j\workspace\openjdk-win64\jdk8u\hotspot\src\share\vm\prims\jvm.cpp, line 1390]
Event: 0.347 Thread 0x0000000001f39000 Exception <a 'java/security/PrivilegedActionException'> (0x00000000ec305c18) thrown at [D:\j\workspace\openjdk-win64\jdk8u\hotspot\src\share\vm\prims\jvm.cpp, line 1390]
Event: 0.347 Thread 0x0000000001f39000 Exception <a 'java/security/PrivilegedActionException'> (0x00000000ec307518) thrown at [D:\j\workspace\openjdk-win64\jdk8u\hotspot\src\share\vm\prims\jvm.cpp, line 1390]
Event: 0.347 Thread 0x0000000001f39000 Exception <a 'java/security/PrivilegedActionException'> (0x00000000ec307910) thrown at [D:\j\workspace\openjdk-win64\jdk8u\hotspot\src\share\vm\prims\jvm.cpp, line 1390]
Event: 0.355 Thread 0x0000000001f39000 Exception <a 'java/security/PrivilegedActionException'> (0x00000000ec33d268) thrown at [D:\j\workspace\openjdk-win64\jdk8u\hotspot\src\share\vm\prims\jvm.cpp, line 1390]
Event: 0.355 Thread 0x0000000001f39000 Exception <a 'java/security/PrivilegedActionException'> (0x00000000ec33d660) thrown at [D:\j\workspace\openjdk-win64\jdk8u\hotspot\src\share\vm\prims\jvm.cpp, line 1390]

Events (10 events):
Event: 5.167 Thread 0x0000000001f39000 DEOPT PACKING pc=0x0000000007c2fa88 sp=0x00000000025eeb10
Event: 5.167 Thread 0x0000000001f39000 DEOPT UNPACKING pc=0x00000000079a557b sp=0x00000000025eead0 mode 2
Event: 5.167 Thread 0x0000000001f39000 Uncommon trap: trap_request=0xffffff65 fr.pc=0x0000000007c05334
Event: 5.167 Thread 0x0000000001f39000 DEOPT PACKING pc=0x0000000007c05334 sp=0x00000000025eeb10
Event: 5.167 Thread 0x0000000001f39000 DEOPT UNPACKING pc=0x00000000079a557b sp=0x00000000025eead0 mode 2
Event: 5.168 Thread 0x0000000001f39000 Uncommon trap: trap_request=0xffffff65 fr.pc=0x0000000007c561a8
Event: 5.168 Thread 0x0000000001f39000 DEOPT PACKING pc=0x0000000007c561a8 sp=0x00000000025ee0f0
Event: 5.168 Thread 0x0000000001f39000 DEOPT UNPACKING pc=0x00000000079a557b sp=0x00000000025edfc0 mode 2
Event: 5.383 Thread 0x0000000001f39000 DEOPT PACKING pc=0x0000000007aa3238 sp=0x00000000025eea30
Event: 5.383 Thread 0x0000000001f39000 DEOPT UNPACKING pc=0x00000000079a75d0 sp=0x00000000025ee788 mode 0


Dynamic libraries:
0x000000013f850000 - 0x000000013f857000 	C:\Program Files\Android\jdk\microsoft_dist_openjdk_1.8.0.9\bin\javac.exe
0x00000000772b0000 - 0x0000000077459000 	C:\Windows\SYSTEM32\ntdll.dll
0x0000000077190000 - 0x00000000772af000 	C:\Windows\system32\kernel32.dll
0x000007fefd1c0000 - 0x000007fefd22b000 	C:\Windows\system32\KERNELBASE.dll
0x0000000074d80000 - 0x0000000074e0e000 	C:\Windows\System32\SYSFER.DLL
0x000007fefea90000 - 0x000007fefeb6b000 	C:\Windows\system32\ADVAPI32.dll
0x000007fefdbf0000 - 0x000007fefdc8f000 	C:\Windows\system32\msvcrt.dll
0x000007feff070000 - 0x000007feff08f000 	C:\Windows\SYSTEM32\sechost.dll
0x000007fefd910000 - 0x000007fefda3d000 	C:\Windows\system32\RPCRT4.dll
0x000007fed67b0000 - 0x000007fed67df000 	C:\Program Files\Android\jdk\microsoft_dist_openjdk_1.8.0.9\bin\jli.dll
0x000007fefba80000 - 0x000007fefbc74000 	C:\Windows\WinSxS\amd64_microsoft.windows.common-controls_6595b64144ccf1df_6.0.7601.17514_none_fa396087175ac9ac\COMCTL32.dll
0x000007fefdc90000 - 0x000007fefdcf7000 	C:\Windows\system32\GDI32.dll
0x0000000077090000 - 0x000000007718a000 	C:\Windows\system32\USER32.dll
0x000007feff190000 - 0x000007feff19e000 	C:\Windows\system32\LPK.dll
0x000007feff0c0000 - 0x000007feff189000 	C:\Windows\system32\USP10.dll
0x000007fefd680000 - 0x000007fefd6f1000 	C:\Windows\system32\SHLWAPI.dll
0x0000000078e70000 - 0x0000000078f41000 	C:\Program Files\Android\jdk\microsoft_dist_openjdk_1.8.0.9\bin\MSVCR100.dll
0x000007feff090000 - 0x000007feff0be000 	C:\Windows\system32\IMM32.DLL
0x000007fefec10000 - 0x000007fefed19000 	C:\Windows\system32\MSCTF.dll
0x0000000078950000 - 0x0000000078a21000 	C:\Program Files\Android\jdk\microsoft_dist_openjdk_1.8.0.9\jre\bin\msvcr100.dll
0x0000000007110000 - 0x0000000007951000 	C:\Program Files\Android\jdk\microsoft_dist_openjdk_1.8.0.9\jre\bin\server\jvm.dll
0x000007fef9b80000 - 0x000007fef9b89000 	C:\Windows\system32\WSOCK32.dll
0x000007feff570000 - 0x000007feff5bd000 	C:\Windows\system32\WS2_32.dll
0x000007feff560000 - 0x000007feff568000 	C:\Windows\system32\NSI.dll
0x000007fefad10000 - 0x000007fefad4b000 	C:\Windows\system32\WINMM.dll
0x000007fefc140000 - 0x000007fefc14c000 	C:\Windows\system32\VERSION.dll
0x0000000077480000 - 0x0000000077487000 	C:\Windows\system32\PSAPI.DLL
0x000007fee9190000 - 0x000007fee919f000 	C:\Program Files\Android\jdk\microsoft_dist_openjdk_1.8.0.9\jre\bin\verify.dll
0x000007fee02a0000 - 0x000007fee02c9000 	C:\Program Files\Android\jdk\microsoft_dist_openjdk_1.8.0.9\jre\bin\java.dll
0x000007fee02e0000 - 0x000007fee02f6000 	C:\Program Files\Android\jdk\microsoft_dist_openjdk_1.8.0.9\jre\bin\zip.dll
0x000007fefdd00000 - 0x000007fefea88000 	C:\Windows\system32\SHELL32.dll
0x000007fefd700000 - 0x000007fefd903000 	C:\Windows\system32\ole32.dll
0x000007fefd060000 - 0x000007fefd06f000 	C:\Windows\system32\profapi.dll

VM Arguments:
jvm_args: -Denv.class.path=.;C:\Program Files\Java\jdk1.8.0_141/bin -Dapplication.home=C:\Program Files\Android\jdk\microsoft_dist_openjdk_1.8.0.9 -Xms8m -Dfile.encoding=UTF8 
java_command: com.sun.tools.javac.Main -d obj\Debug\81\android\bin\classes -classpath C:\Program Files (x86)\Microsoft Visual Studio\2017\Enterprise\Common7\IDE\ReferenceAssemblies\Microsoft\Framework\MonoAndroid\v8.1\mono.android.jar;obj\Debug\81\lp\10\jl\arch-core-common.jar;obj\Debug\81\lp\11\jl\arch-lifecycle-common.jar;obj\Debug\81\lp\12\jl\bin\classes.jar;obj\Debug\81\lp\13\jl\bin\classes.jar;obj\Debug\81\lp\15\jl\bin\classes.jar;obj\Debug\81\lp\16\jl\bin\classes.jar;obj\Debug\81\lp\17\jl\bin\classes.jar;obj\Debug\81\lp\18\jl\bin\classes.jar;obj\Debug\81\lp\19\jl\bin\classes.jar;obj\Debug\81\lp\20\jl\bin\classes.jar;obj\Debug\81\lp\21\jl\bin\classes.jar;obj\Debug\81\lp\22\jl\bin\classes.jar;obj\Debug\81\lp\23\jl\bin\classes.jar;obj\Debug\81\lp\24\jl\bin\classes.jar;obj\Debug\81\lp\14\jl\support-annotations.jar -bootclasspath C:\Program Files (x86)\Android\android-sdk\platforms\android-27\android.jar -encoding UTF-8 @C:\Users\mohan.roy\AppData\Local\Temp\tmpD3F2.tmp
java_class_path (initial): C:\Program Files\Android\jdk\microsoft_dist_openjdk_1.8.0.9/lib/tools.jar;C:\Program Files\Android\jdk\microsoft_dist_openjdk_1.8.0.9/classes
Launcher Type: SUN_STANDARD

Environment Variables:
CLASSPATH=.;C:\Program Files\Java\jdk1.8.0_141/bin
PATH=C:\Program Files\Android\jdk\microsoft_dist_openjdk_1.8.0.9\bin;D:\app\mohan.roy\product\11.2.0\client_1\bin;C:\ProgramData\Oracle\Java\javapath;C:\Windows\system32;C:\Windows;C:\Windows\System32\Wbem;C:\Windows\System32\WindowsPowerShell\v1.0\;D:\tools\TDM-GCC-64\bin;D:\tools\instantclient_12_1;C:\Program Files\TortoiseSVN\bin;C:\Program Files (x86)\Microsoft ASP.NET\ASP.NET Web Pages\v1.0\;C:\Program Files\Microsoft SQL Server\110\Tools\Binn\;C:\Program Files (x86)\Microsoft SQL Server\100\Tools\Binn\;C:\Program Files\Microsoft SQL Server\100\Tools\Binn\;C:\Program Files\Microsoft SQL Server\100\DTS\Binn\;C:\Program Files (x86)\Microsoft SQL Server\100\Tools\Binn\VSShell\Common7\IDE\;C:\Program Files (x86)\Microsoft Visual Studio 9.0\Common7\IDE\PrivateAssemblies\;C:\Program Files (x86)\Microsoft SQL Server\100\DTS\Binn\;D:\nodejs\;C:\Program Files\Microsoft SQL Server\130\Tools\Binn\;C:\Program Files\dotnet\;C:\Users\mohan.roy\AppData\Roaming\npm;C:\Program Files\Java\jdk1.8.0_141/bin;C:\Users\mohan.roy\AppData\Local\GitHubDesktop\bin
USERNAME=mohan.roy
OS=Windows_NT
PROCESSOR_IDENTIFIER=Intel64 Family 6 Model 60 Stepping 3, GenuineIntel



---------------  S Y S T E M  ---------------

OS: Windows 7 , 64 bit Build 7601 (6.1.7601.18015)

CPU:total 4 (initial active 4) (2 cores per cpu, 2 threads per core) family 6 model 60 stepping 3, cmov, cx8, fxsr, mmx, sse, sse2, sse3, ssse3, sse4.1, sse4.2, popcnt, avx, avx2, clmul, erms, lzcnt, ht, tsc, tscinvbit, bmi1, bmi2

Memory: 4k page, physical 3894860k(491292k free), swap 3892996k(5732k free)

vm_info: OpenJDK 64-Bit Server VM (25.71-b00) for windows-amd64 JRE (1.8.0-9-microsoft-b00), built on Jul 24 2018 20:49:06 by "azure-builder" with MS VC++ 10.0 (VS2010)

time: Tue Apr 30 19:13:14 2019
elapsed time: 5 seconds (0d 0h 0m 5s)

