#
# There is insufficient memory for the Java Runtime Environment to continue.
# Native memory allocation (malloc) failed to allocate 1205472 bytes for Chunk::new
# Possible reasons:
#   The system is out of physical RAM or swap space
#   In 32 bit mode, the process size limit was hit
# Possible solutions:
#   Reduce memory load on the system
#   Increase physical memory or swap space
#   Check if swap backing store is full
#   Use 64 bit Java on a 64 bit OS
#   Decrease Java heap size (-Xmx/-Xms)
#   Decrease number of Java threads
#   Decrease Java thread stack sizes (-Xss)
#   Set larger code cache with -XX:ReservedCodeCacheSize=
# This output file may be truncated or incomplete.
#
#  Out of Memory Error (allocation.cpp:390), pid=4128, tid=0x0000000000001c48
#
# JRE version: OpenJDK Runtime Environment (8.0) (build 1.8.0-9-microsoft-b00)
# Java VM: OpenJDK 64-Bit Server VM (25.71-b00 mixed mode windows-amd64 compressed oops)
# Failed to write core dump. Minidumps are not enabled by default on client versions of Windows
#

---------------  T H R E A D  ---------------

Current thread (0x0000000007534800):  JavaThread "C2 CompilerThread0" daemon [_thread_in_native, id=7240, stack(0x0000000007bd0000,0x0000000007cd0000)]

Stack: [0x0000000007bd0000,0x0000000007cd0000]
[error occurred during error reporting (printing stack bounds), id 0xc0000005]

Native frames: (J=compiled Java code, j=interpreted, Vv=VM code, C=native code)


Current CompileTask:
C2:   8004 2125       4       com.android.dx.ssa.SsaBasicBlock::forEachInsn (37 bytes)


---------------  P R O C E S S  ---------------

Java Threads: ( => current thread )
  0x0000000007806800 JavaThread "pool-2-thread-1" [_thread_blocked, id=2056, stack(0x0000000057cd0000,0x0000000057dd0000)]
  0x0000000007805800 JavaThread "pool-1-thread-1" [_thread_blocked, id=2740, stack(0x0000000057aa0000,0x0000000057ba0000)]
  0x00000000075ad800 JavaThread "Service Thread" daemon [_thread_blocked, id=2020, stack(0x00000000578d0000,0x00000000579d0000)]
  0x000000000753d000 JavaThread "C1 CompilerThread2" daemon [_thread_blocked, id=5604, stack(0x0000000006fc0000,0x00000000070c0000)]
  0x000000000753c000 JavaThread "C2 CompilerThread1" daemon [_thread_in_native, id=8072, stack(0x0000000007e10000,0x0000000007f10000)]
=>0x0000000007534800 JavaThread "C2 CompilerThread0" daemon [_thread_in_native, id=7240, stack(0x0000000007bd0000,0x0000000007cd0000)]
  0x0000000007531000 JavaThread "Attach Listener" daemon [_thread_blocked, id=6948, stack(0x0000000007ad0000,0x0000000007bd0000)]
  0x0000000006097000 JavaThread "Signal Dispatcher" daemon [_thread_blocked, id=6456, stack(0x00000000079a0000,0x0000000007aa0000)]
  0x000000000607e000 JavaThread "Finalizer" daemon [_thread_blocked, id=7384, stack(0x0000000007430000,0x0000000007530000)]
  0x0000000006036000 JavaThread "Reference Handler" daemon [_thread_blocked, id=7248, stack(0x00000000072b0000,0x00000000073b0000)]
  0x0000000001cbf800 JavaThread "main" [_thread_blocked, id=6368, stack(0x00000000023e0000,0x00000000024e0000)]

Other Threads:
  0x000000000602e800 VMThread [stack: 0x00000000070f0000,0x00000000071f0000] [id=1760]
  0x000000000760d000 WatcherThread [stack: 0x00000000577d0000,0x00000000578d0000] [id=6488]

VM state:at safepoint (normal execution)

VM Mutex/Monitor currently owned by a thread:  ([mutex/lock_event])
[0x0000000001cbdbb0] Threads_lock - owner thread: 0x000000000602e800
[0x0000000001cbe0b0] Heap_lock - owner thread: 0x0000000001cbf800

Heap:
 PSYoungGen      total 67584K, used 59392K [0x00000000eab00000, 0x00000000efb00000, 0x0000000100000000)
  eden space 59392K, 100% used [0x00000000eab00000,0x00000000ee500000,0x00000000ee500000)
  from space 8192K, 0% used [0x00000000eef00000,0x00000000eef00000,0x00000000ef700000)
  to   space 10240K, 0% used [0x00000000ee500000,0x00000000ee500000,0x00000000eef00000)
 ParOldGen       total 40960K, used 40852K [0x00000000c0000000, 0x00000000c2800000, 0x00000000eab00000)
  object space 40960K, 99% used [0x00000000c0000000,0x00000000c27e5228,0x00000000c2800000)
 Metaspace       used 6603K, capacity 7256K, committed 7424K, reserved 1056768K
  class space    used 611K, capacity 656K, committed 768K, reserved 1048576K

Card table byte_map: [0x0000000002b70000,0x0000000002d80000] byte_map_base: 0x0000000002570000

Marking Bits: (ParMarkBitMap*) 0x00000000086f5aa0
 Begin Bits: [0x00000000034a0000, 0x00000000044a0000)
 End Bits:   [0x00000000044a0000, 0x00000000054a0000)

Polling page: 0x0000000001c80000

CodeCache: size=245760Kb used=9973Kb max_used=9973Kb free=235786Kb
 bounds [0x0000000008780000, 0x0000000009150000, 0x0000000017780000]
 total_blobs=2454 nmethods=2184 adapters=183
 compilation: enabled

Compilation events (10 events):
Event: 7.795 Thread 0x000000000753d000 2282       2       com.android.dx.dex.file.UniformListItem::<init> (37 bytes)
Event: 7.796 Thread 0x000000000753d000 nmethod 2282 0x00000000091425d0 code [0x00000000091427a0, 0x0000000009142bc8]
Event: 7.796 Thread 0x000000000753d000 2283       2       com.android.dx.dex.file.UniformListItem::writeSize (28 bytes)
Event: 7.796 Thread 0x000000000753d000 nmethod 2283 0x0000000009142f50 code [0x00000000091430e0, 0x0000000009143398]
Event: 7.797 Thread 0x000000000753d000 2284       2       java.util.concurrent.locks.AbstractQueuedSynchronizer::unparkSuccessor (84 bytes)
Event: 7.797 Thread 0x000000000753d000 nmethod 2284 0x0000000009143590 code [0x0000000009143700, 0x0000000009143968]
Event: 7.799 Thread 0x000000000753d000 2285       2       java.util.concurrent.ArrayBlockingQueue::dequeue (75 bytes)
Event: 7.800 Thread 0x000000000753d000 nmethod 2285 0x0000000009143b10 code [0x0000000009143ca0, 0x0000000009143fd8]
Event: 7.812 Thread 0x000000000753d000 2286       1       com.android.dx.cf.attrib.AttDeprecated::byteLength (3 bytes)
Event: 7.813 Thread 0x000000000753d000 nmethod 2286 0x00000000090e2d50 code [0x00000000090e2ea0, 0x00000000090e2fb0]

GC Heap History (10 events):
Event: 5.719 GC heap after
Heap after GC invocations=8 (full 0):
 PSYoungGen      total 67584K, used 8175K [0x00000000eab00000, 0x00000000efb00000, 0x0000000100000000)
  eden space 59392K, 0% used [0x00000000eab00000,0x00000000eab00000,0x00000000ee500000)
  from space 8192K, 99% used [0x00000000eef00000,0x00000000ef6fbcc8,0x00000000ef700000)
  to   space 10240K, 0% used [0x00000000ee500000,0x00000000ee500000,0x00000000eef00000)
 ParOldGen       total 40960K, used 35888K [0x00000000c0000000, 0x00000000c2800000, 0x00000000eab00000)
  object space 40960K, 87% used [0x00000000c0000000,0x00000000c230c3f0,0x00000000c2800000)
 Metaspace       used 6454K, capacity 7152K, committed 7296K, reserved 1056768K
  class space    used 592K, capacity 616K, committed 640K, reserved 1048576K
}
Event: 5.719 GC heap before
{Heap before GC invocations=9 (full 1):
 PSYoungGen      total 67584K, used 8175K [0x00000000eab00000, 0x00000000efb00000, 0x0000000100000000)
  eden space 59392K, 0% used [0x00000000eab00000,0x00000000eab00000,0x00000000ee500000)
  from space 8192K, 99% used [0x00000000eef00000,0x00000000ef6fbcc8,0x00000000ef700000)
  to   space 10240K, 0% used [0x00000000ee500000,0x00000000ee500000,0x00000000eef00000)
 ParOldGen       total 40960K, used 35888K [0x00000000c0000000, 0x00000000c2800000, 0x00000000eab00000)
  object space 40960K, 87% used [0x00000000c0000000,0x00000000c230c3f0,0x00000000c2800000)
 Metaspace       used 6454K, capacity 7152K, committed 7296K, reserved 1056768K
  class space    used 592K, capacity 616K, committed 640K, reserved 1048576K
Event: 6.046 GC heap after
Heap after GC invocations=9 (full 1):
 PSYoungGen      total 67584K, used 0K [0x00000000eab00000, 0x00000000efb00000, 0x0000000100000000)
  eden space 59392K, 0% used [0x00000000eab00000,0x00000000eab00000,0x00000000ee500000)
  from space 8192K, 0% used [0x00000000eef00000,0x00000000eef00000,0x00000000ef700000)
  to   space 10240K, 0% used [0x00000000ee500000,0x00000000ee500000,0x00000000eef00000)
 ParOldGen       total 40960K, used 40650K [0x00000000c0000000, 0x00000000c2800000, 0x00000000eab00000)
  object space 40960K, 99% used [0x00000000c0000000,0x00000000c27b2980,0x00000000c2800000)
 Metaspace       used 6454K, capacity 7152K, committed 7296K, reserved 1056768K
  class space    used 592K, capacity 616K, committed 640K, reserved 1048576K
}
Event: 6.343 GC heap before
{Heap before GC invocations=10 (full 2):
 PSYoungGen      total 67584K, used 59392K [0x00000000eab00000, 0x00000000efb00000, 0x0000000100000000)
  eden space 59392K, 100% used [0x00000000eab00000,0x00000000ee500000,0x00000000ee500000)
  from space 8192K, 0% used [0x00000000eef00000,0x00000000eef00000,0x00000000ef700000)
  to   space 10240K, 0% used [0x00000000ee500000,0x00000000ee500000,0x00000000eef00000)
 ParOldGen       total 40960K, used 40650K [0x00000000c0000000, 0x00000000c2800000, 0x00000000eab00000)
  object space 40960K, 99% used [0x00000000c0000000,0x00000000c27b2980,0x00000000c2800000)
 Metaspace       used 6486K, capacity 7216K, committed 7296K, reserved 1056768K
  class space    used 592K, capacity 616K, committed 640K, reserved 1048576K
Event: 6.693 GC heap after
Heap after GC invocations=10 (full 2):
 PSYoungGen      total 67584K, used 8058K [0x00000000eab00000, 0x00000000efb00000, 0x0000000100000000)
  eden space 59392K, 13% used [0x00000000eab00000,0x00000000eb2deb08,0x00000000ee500000)
  from space 8192K, 0% used [0x00000000eef00000,0x00000000eef00000,0x00000000ef700000)
  to   space 10240K, 0% used [0x00000000ee500000,0x00000000ee500000,0x00000000eef00000)
 ParOldGen       total 40960K, used 40943K [0x00000000c0000000, 0x00000000c2800000, 0x00000000eab00000)
  object space 40960K, 99% used [0x00000000c0000000,0x00000000c27fbdb0,0x00000000c2800000)
 Metaspace       used 6486K, capacity 7216K, committed 7296K, reserved 1056768K
  class space    used 592K, capacity 616K, committed 640K, reserved 1048576K
}
Event: 6.988 GC heap before
{Heap before GC invocations=11 (full 3):
 PSYoungGen      total 67584K, used 59392K [0x00000000eab00000, 0x00000000efb00000, 0x0000000100000000)
  eden space 59392K, 100% used [0x00000000eab00000,0x00000000ee500000,0x00000000ee500000)
  from space 8192K, 0% used [0x00000000eef00000,0x00000000eef00000,0x00000000ef700000)
  to   space 10240K, 0% used [0x00000000ee500000,0x00000000ee500000,0x00000000eef00000)
 ParOldGen       total 40960K, used 40943K [0x00000000c0000000, 0x00000000c2800000, 0x00000000eab00000)
  object space 40960K, 99% used [0x00000000c0000000,0x00000000c27fbdb0,0x00000000c2800000)
 Metaspace       used 6593K, capacity 7256K, committed 7424K, reserved 1056768K
  class space    used 611K, capacity 656K, committed 768K, reserved 1048576K
Event: 7.224 GC heap after
Heap after GC invocations=11 (full 3):
 PSYoungGen      total 67584K, used 14810K [0x00000000eab00000, 0x00000000efb00000, 0x0000000100000000)
  eden space 59392K, 24% used [0x00000000eab00000,0x00000000eb9768a0,0x00000000ee500000)
  from space 8192K, 0% used [0x00000000eef00000,0x00000000eef00000,0x00000000ef700000)
  to   space 10240K, 0% used [0x00000000ee500000,0x00000000ee500000,0x00000000eef00000)
 ParOldGen       total 40960K, used 40891K [0x00000000c0000000, 0x00000000c2800000, 0x00000000eab00000)
  object space 40960K, 99% used [0x00000000c0000000,0x00000000c27eee98,0x00000000c2800000)
 Metaspace       used 6593K, capacity 7256K, committed 7424K, reserved 1056768K
  class space    used 611K, capacity 656K, committed 768K, reserved 1048576K
}
Event: 7.448 GC heap before
{Heap before GC invocations=12 (full 4):
 PSYoungGen      total 67584K, used 59392K [0x00000000eab00000, 0x00000000efb00000, 0x0000000100000000)
  eden space 59392K, 100% used [0x00000000eab00000,0x00000000ee500000,0x00000000ee500000)
  from space 8192K, 0% used [0x00000000eef00000,0x00000000eef00000,0x00000000ef700000)
  to   space 10240K, 0% used [0x00000000ee500000,0x00000000ee500000,0x00000000eef00000)
 ParOldGen       total 40960K, used 40891K [0x00000000c0000000, 0x00000000c2800000, 0x00000000eab00000)
  object space 40960K, 99% used [0x00000000c0000000,0x00000000c27eee98,0x00000000c2800000)
 Metaspace       used 6597K, capacity 7256K, committed 7424K, reserved 1056768K
  class space    used 611K, capacity 656K, committed 768K, reserved 1048576K
Event: 7.682 GC heap after
Heap after GC invocations=12 (full 4):
 PSYoungGen      total 67584K, used 21236K [0x00000000eab00000, 0x00000000efb00000, 0x0000000100000000)
  eden space 59392K, 35% used [0x00000000eab00000,0x00000000ebfbd190,0x00000000ee500000)
  from space 8192K, 0% used [0x00000000eef00000,0x00000000eef00000,0x00000000ef700000)
  to   space 10240K, 0% used [0x00000000ee500000,0x00000000ee500000,0x00000000eef00000)
 ParOldGen       total 40960K, used 40852K [0x00000000c0000000, 0x00000000c2800000, 0x00000000eab00000)
  object space 40960K, 99% used [0x00000000c0000000,0x00000000c27e5228,0x00000000c2800000)
 Metaspace       used 6597K, capacity 7256K, committed 7424K, reserved 1056768K
  class space    used 611K, capacity 656K, committed 768K, reserved 1048576K
}
Event: 7.859 GC heap before
{Heap before GC invocations=13 (full 5):
 PSYoungGen      total 67584K, used 59392K [0x00000000eab00000, 0x00000000efb00000, 0x0000000100000000)
  eden space 59392K, 100% used [0x00000000eab00000,0x00000000ee500000,0x00000000ee500000)
  from space 8192K, 0% used [0x00000000eef00000,0x00000000eef00000,0x00000000ef700000)
  to   space 10240K, 0% used [0x00000000ee500000,0x00000000ee500000,0x00000000eef00000)
 ParOldGen       total 40960K, used 40852K [0x00000000c0000000, 0x00000000c2800000, 0x00000000eab00000)
  object space 40960K, 99% used [0x00000000c0000000,0x00000000c27e5228,0x00000000c2800000)
 Metaspace       used 6603K, capacity 7256K, committed 7424K, reserved 1056768K
  class space    used 611K, capacity 656K, committed 768K, reserved 1048576K

Deoptimization events (10 events):
Event: 6.069 Thread 0x0000000007805800 Uncommon trap: reason=class_check action=maybe_recompile pc=0x0000000008f8b1d4 method=com.android.dx.ssa.SCCP.simulatePhi(Lcom/android/dx/ssa/PhiInsn;)V @ 124
Event: 6.252 Thread 0x0000000007805800 Uncommon trap: reason=class_check action=maybe_recompile pc=0x0000000008f8b1d4 method=com.android.dx.ssa.SCCP.simulatePhi(Lcom/android/dx/ssa/PhiInsn;)V @ 124
Event: 6.819 Thread 0x0000000007805800 Uncommon trap: reason=bimorphic action=maybe_recompile pc=0x000000000902e7cc method=java.util.HashMap.getNode(ILjava/lang/Object;)Ljava/util/HashMap$Node; @ 126
Event: 7.345 Thread 0x0000000007805800 Uncommon trap: reason=class_check action=maybe_recompile pc=0x00000000090f26e8 method=com.android.dx.cf.code.RopperMachine.run(Lcom/android/dx/cf/code/Frame;II)V @ 310
Event: 7.346 Thread 0x0000000007805800 Uncommon trap: reason=class_check action=maybe_recompile pc=0x00000000090f26e8 method=com.android.dx.cf.code.RopperMachine.run(Lcom/android/dx/cf/code/Frame;II)V @ 310
Event: 7.346 Thread 0x0000000007805800 Uncommon trap: reason=class_check action=maybe_recompile pc=0x00000000090f26e8 method=com.android.dx.cf.code.RopperMachine.run(Lcom/android/dx/cf/code/Frame;II)V @ 310
Event: 7.361 Thread 0x0000000007805800 Uncommon trap: reason=bimorphic action=maybe_recompile pc=0x000000000902e7cc method=java.util.HashMap.getNode(ILjava/lang/Object;)Ljava/util/HashMap$Node; @ 126
Event: 7.368 Thread 0x0000000007805800 Uncommon trap: reason=bimorphic action=maybe_recompile pc=0x000000000902e7cc method=java.util.HashMap.getNode(ILjava/lang/Object;)Ljava/util/HashMap$Node; @ 126
Event: 7.368 Thread 0x0000000007805800 Uncommon trap: reason=bimorphic action=maybe_recompile pc=0x000000000902e7cc method=java.util.HashMap.getNode(ILjava/lang/Object;)Ljava/util/HashMap$Node; @ 126
Event: 7.397 Thread 0x0000000001cbf800 Uncommon trap: reason=unstable_if action=reinterpret pc=0x0000000008d52804 method=com.android.dx.ssa.MoveParamCombiner$1.visitNonMoveInsn(Lcom/android/dx/ssa/NormalSsaInsn;)V @ 27

Classes redefined (0 events):
No events

Internal exceptions (7 events):
Event: 0.065 Thread 0x0000000001cbf800 Exception <a 'java/lang/NoSuchMethodError': Method sun.misc.Unsafe.defineClass(Ljava/lang/String;[BII)Ljava/lang/Class; name or signature does not match> (0x00000000eab07ca8) thrown at [D:\j\workspace\openjdk-win64\jdk8u\hotspot\src\share\vm\prims\jni.cpp
Event: 0.065 Thread 0x0000000001cbf800 Exception <a 'java/lang/NoSuchMethodError': Method sun.misc.Unsafe.prefetchRead(Ljava/lang/Object;J)V name or signature does not match> (0x00000000eab07f90) thrown at [D:\j\workspace\openjdk-win64\jdk8u\hotspot\src\share\vm\prims\jni.cpp, line 4011]
Event: 5.057 Thread 0x0000000007805800 Implicit null exception at 0x0000000008d0dcdc to 0x0000000008d0dd0d
Event: 5.336 Thread 0x0000000001cbf800 Implicit null exception at 0x0000000008a3c5d2 to 0x0000000008a3c6ca
Event: 6.805 Thread 0x0000000007805800 Exception <a 'java/lang/ArrayIndexOutOfBoundsException': 18> (0x00000000ec694cb8) thrown at [D:\j\workspace\openjdk-win64\jdk8u\hotspot\src\share\vm\interpreter\interpreterRuntime.cpp, line 366]
Event: 6.806 Thread 0x0000000007805800 Exception <a 'java/lang/ArrayIndexOutOfBoundsException': 145> (0x00000000ec696838) thrown at [D:\j\workspace\openjdk-win64\jdk8u\hotspot\src\share\vm\interpreter\interpreterRuntime.cpp, line 366]
Event: 6.806 Thread 0x0000000007805800 Exception <a 'java/lang/ArrayIndexOutOfBoundsException'> (0x00000000ec697b20) thrown at [D:\j\workspace\openjdk-win64\jdk8u\hotspot\src\share\vm\runtime\sharedRuntime.cpp, line 605]

Events (10 events):
Event: 7.753 Thread 0x0000000007805800 DEOPT UNPACKING pc=0x00000000087c75d0 sp=0x0000000057b9e570 mode 0
Event: 7.758 Thread 0x0000000001cbf800 DEOPT PACKING pc=0x0000000008f70e71 sp=0x00000000024de260
Event: 7.758 Thread 0x0000000001cbf800 DEOPT UNPACKING pc=0x00000000087c75d0 sp=0x00000000024ddfc0 mode 0
Event: 7.766 Thread 0x0000000007805800 DEOPT PACKING pc=0x0000000008b7750a sp=0x0000000057b9e820
Event: 7.766 Thread 0x0000000007805800 DEOPT UNPACKING pc=0x00000000087c75d0 sp=0x0000000057b9e650 mode 0
Event: 7.820 Thread 0x0000000007805800 DEOPT PACKING pc=0x0000000008ff3b2f sp=0x0000000057b9e920
Event: 7.820 Thread 0x0000000007805800 DEOPT UNPACKING pc=0x00000000087c75d0 sp=0x0000000057b9e670 mode 0
Event: 7.843 Thread 0x0000000001cbf800 DEOPT PACKING pc=0x0000000008f70e71 sp=0x00000000024de310
Event: 7.843 Thread 0x0000000001cbf800 DEOPT UNPACKING pc=0x00000000087c75d0 sp=0x00000000024de070 mode 0
Event: 7.858 Executing VM operation: ParallelGCFailedAllocation


Dynamic libraries:
0x000000013f900000 - 0x000000013f935000 	C:\Program Files\Android\jdk\microsoft_dist_openjdk_1.8.0.9\bin\java.exe
0x00000000772b0000 - 0x0000000077459000 	C:\Windows\SYSTEM32\ntdll.dll
0x0000000077190000 - 0x00000000772af000 	C:\Windows\system32\kernel32.dll
0x000007fefd1c0000 - 0x000007fefd22b000 	C:\Windows\system32\KERNELBASE.dll
0x0000000074d80000 - 0x0000000074e0e000 	C:\Windows\System32\SYSFER.DLL
0x000007fefea90000 - 0x000007fefeb6b000 	C:\Windows\system32\ADVAPI32.dll
0x000007fefdbf0000 - 0x000007fefdc8f000 	C:\Windows\system32\msvcrt.dll
0x000007feff070000 - 0x000007feff08f000 	C:\Windows\SYSTEM32\sechost.dll
0x000007fefd910000 - 0x000007fefda3d000 	C:\Windows\system32\RPCRT4.dll
0x0000000077090000 - 0x000000007718a000 	C:\Windows\system32\USER32.dll
0x000007fefdc90000 - 0x000007fefdcf7000 	C:\Windows\system32\GDI32.dll
0x000007feff190000 - 0x000007feff19e000 	C:\Windows\system32\LPK.dll
0x000007feff0c0000 - 0x000007feff189000 	C:\Windows\system32\USP10.dll
0x000007fefba80000 - 0x000007fefbc74000 	C:\Windows\WinSxS\amd64_microsoft.windows.common-controls_6595b64144ccf1df_6.0.7601.17514_none_fa396087175ac9ac\COMCTL32.dll
0x000007fefd680000 - 0x000007fefd6f1000 	C:\Windows\system32\SHLWAPI.dll
0x000007feff090000 - 0x000007feff0be000 	C:\Windows\system32\IMM32.DLL
0x000007fefec10000 - 0x000007fefed19000 	C:\Windows\system32\MSCTF.dll
0x0000000077b40000 - 0x0000000077c11000 	C:\Program Files\Android\jdk\microsoft_dist_openjdk_1.8.0.9\jre\bin\msvcr100.dll
0x0000000007f30000 - 0x0000000008771000 	C:\Program Files\Android\jdk\microsoft_dist_openjdk_1.8.0.9\jre\bin\server\jvm.dll
0x000007fef9b80000 - 0x000007fef9b89000 	C:\Windows\system32\WSOCK32.dll
0x000007feff570000 - 0x000007feff5bd000 	C:\Windows\system32\WS2_32.dll
0x000007feff560000 - 0x000007feff568000 	C:\Windows\system32\NSI.dll
0x000007fefad10000 - 0x000007fefad4b000 	C:\Windows\system32\WINMM.dll
0x000007fefc140000 - 0x000007fefc14c000 	C:\Windows\system32\VERSION.dll
0x0000000077480000 - 0x0000000077487000 	C:\Windows\system32\PSAPI.DLL
0x000007fef6cf0000 - 0x000007fef6cff000 	C:\Program Files\Android\jdk\microsoft_dist_openjdk_1.8.0.9\jre\bin\verify.dll
0x000007feeb700000 - 0x000007feeb729000 	C:\Program Files\Android\jdk\microsoft_dist_openjdk_1.8.0.9\jre\bin\java.dll
0x000007fee02e0000 - 0x000007fee02f6000 	C:\Program Files\Android\jdk\microsoft_dist_openjdk_1.8.0.9\jre\bin\zip.dll
0x000007fefdd00000 - 0x000007fefea88000 	C:\Windows\system32\SHELL32.dll
0x000007fefd700000 - 0x000007fefd903000 	C:\Windows\system32\ole32.dll
0x000007fefd060000 - 0x000007fefd06f000 	C:\Windows\system32\profapi.dll

VM Arguments:
jvm_args: -Xmx1G 
java_command: C:\Program Files (x86)\Android\android-sdk\build-tools\25.0.3\\lib\dx.jar --dex --no-strict --output obj\Debug\81\android\bin D:\ASP.NET\Hangman_xamarian\Hangman_xamarian\obj\Debug\81\android\bin\classes.zip C:\Program Files (x86)\Microsoft Visual Studio\2017\Enterprise\Common7\IDE\ReferenceAssemblies\Microsoft\Framework\MonoAndroid\v8.1\mono.android.jar obj\Debug\81\lp\10\jl\arch-core-common.jar obj\Debug\81\lp\11\jl\arch-lifecycle-common.jar obj\Debug\81\lp\12\jl\bin\classes.jar obj\Debug\81\lp\13\jl\bin\classes.jar obj\Debug\81\lp\15\jl\bin\classes.jar obj\Debug\81\lp\16\jl\bin\classes.jar obj\Debug\81\lp\17\jl\bin\classes.jar obj\Debug\81\lp\18\jl\bin\classes.jar obj\Debug\81\lp\19\jl\bin\classes.jar obj\Debug\81\lp\20\jl\bin\classes.jar obj\Debug\81\lp\21\jl\bin\classes.jar obj\Debug\81\lp\22\jl\bin\classes.jar obj\Debug\81\lp\23\jl\bin\classes.jar obj\Debug\81\lp\24\jl\bin\classes.jar
java_class_path (initial): C:\Program Files (x86)\Android\android-sdk\build-tools\25.0.3\\lib\dx.jar
Launcher Type: SUN_STANDARD

Environment Variables:
CLASSPATH=.;C:\Program Files\Java\jdk1.8.0_141/bin
PATH=C:\Program Files\Android\jdk\microsoft_dist_openjdk_1.8.0.9\bin;D:\app\mohan.roy\product\11.2.0\client_1\bin;C:\ProgramData\Oracle\Java\javapath;C:\Windows\system32;C:\Windows;C:\Windows\System32\Wbem;C:\Windows\System32\WindowsPowerShell\v1.0\;D:\tools\TDM-GCC-64\bin;D:\tools\instantclient_12_1;C:\Program Files\TortoiseSVN\bin;C:\Program Files (x86)\Microsoft ASP.NET\ASP.NET Web Pages\v1.0\;C:\Program Files\Microsoft SQL Server\110\Tools\Binn\;C:\Program Files (x86)\Microsoft SQL Server\100\Tools\Binn\;C:\Program Files\Microsoft SQL Server\100\Tools\Binn\;C:\Program Files\Microsoft SQL Server\100\DTS\Binn\;C:\Program Files (x86)\Microsoft SQL Server\100\Tools\Binn\VSShell\Common7\IDE\;C:\Program Files (x86)\Microsoft Visual Studio 9.0\Common7\IDE\PrivateAssemblies\;C:\Program Files (x86)\Microsoft SQL Server\100\DTS\Binn\;D:\nodejs\;C:\Program Files\Microsoft SQL Server\130\Tools\Binn\;C:\Program Files\dotnet\;C:\Users\mohan.roy\AppData\Roaming\npm;C:\Program Files\Java\jdk1.8.0_141/bin;C:\Users\mohan.roy\AppData\Local\GitHubDesktop\bin
USERNAME=mohan.roy
OS=Windows_NT
PROCESSOR_IDENTIFIER=Intel64 Family 6 Model 60 Stepping 3, GenuineIntel



---------------  S Y S T E M  ---------------

OS: Windows 7 , 64 bit Build 7601 (6.1.7601.18015)

CPU:total 4 (initial active 4) (2 cores per cpu, 2 threads per core) family 6 model 60 stepping 3, cmov, cx8, fxsr, mmx, sse, sse2, sse3, ssse3, sse4.1, sse4.2, popcnt, avx, avx2, clmul, erms, lzcnt, ht, tsc, tscinvbit, bmi1, bmi2

Memory: 4k page, physical 3894860k(412144k free), swap 3892996k(5160k free)

vm_info: OpenJDK 64-Bit Server VM (25.71-b00) for windows-amd64 JRE (1.8.0-9-microsoft-b00), built on Jul 24 2018 20:49:06 by "azure-builder" with MS VC++ 10.0 (VS2010)

time: Tue Apr 30 19:18:58 2019
elapsed time: 8 seconds (0d 0h 0m 8s)

